[2019-05-29 19:48:20] [debug] ( prunsrv.c:1729) [ 5064] Commons Daemon procrun log initialized
[2019-05-29 19:48:20] [info]  ( prunsrv.c:1733) [ 5064] Commons Daemon procrun (1.1.0.0 64-bit) started
[2019-05-29 19:48:20] [debug] ( prunsrv.c:602 ) [ 5064] Installing service...
[2019-05-29 19:48:20] [info]  ( prunsrv.c:641 ) [ 5064] Service HeartBeatClient name 
[2019-05-29 19:48:21] [debug] ( prunsrv.c:657 ) [ 5064] Setting service description "Simple Heart Beat Client"
[2019-05-29 19:48:22] [info]  ( prunsrv.c:675 ) [ 5064] Service 'HeartBeatClient' installed
[2019-05-29 19:48:22] [info]  ( prunsrv.c:1814) [ 5064] Commons Daemon procrun finished
[2019-05-29 19:49:20] [debug] ( prunsrv.c:1729) [ 4620] Commons Daemon procrun log initialized
[2019-05-29 19:49:20] [info]  ( prunsrv.c:1733) [ 4620] Commons Daemon procrun (1.1.0.0 64-bit) started
[2019-05-29 19:49:20] [info]  ( prunsrv.c:1643) [ 4620] Running 'HeartBeatClient' Service...
[2019-05-29 19:49:20] [debug] ( prunsrv.c:1417) [ 6060] Inside ServiceMain...
[2019-05-29 19:49:20] [debug] ( prunsrv.c:885 ) [ 6060] reportServiceStatusE: dwCurrentState = 2, dwWin32ExitCode = 0, dwWaitHint = 3000, dwServiceSpecificExitCode = 0
[2019-05-29 19:49:20] [info]  ( prunsrv.c:1175) [ 6060] Starting service...
[2019-05-29 19:49:20] [debug] ( javajni.c:236 ) [ 6060] loading jvm 'C:\Program Files\Java\jdk1.8.0_65\jre\bin\server\jvm.dll'
[2019-05-29 19:49:20] [debug] ( javajni.c:753 ) [ 3448] Jvm Option[0] -Dserver.port=8081
[2019-05-29 19:49:20] [debug] ( javajni.c:753 ) [ 3448] Jvm Option[1] -Dserver.ip=localhost
[2019-05-29 19:49:20] [debug] ( javajni.c:753 ) [ 3448] Jvm Option[2] -Djava.class.path=hbc-1.0.jar;commons-codec-1.11.jar;commons-logging-1.2.jar;httpclient-4.5.8.jar;httpcore-4.4.11.jar
[2019-05-29 19:49:20] [debug] ( javajni.c:753 ) [ 3448] Jvm Option[3] exit
[2019-05-29 19:49:20] [debug] ( javajni.c:753 ) [ 3448] Jvm Option[4] abort
[2019-05-29 19:49:20] [debug] ( javajni.c:753 ) [ 3448] Jvm Option[5] -Xms256m
[2019-05-29 19:49:20] [debug] ( javajni.c:753 ) [ 3448] Jvm Option[6] -Xmx1024m
[2019-05-29 19:49:20] [debug] ( javajni.c:753 ) [ 3448] Jvm Option[7] -Xss4000k
[2019-05-29 19:49:20] [debug] ( javajni.c:990 ) [ 3448] Java Worker thread started HeartBeatClient:main
[2019-05-29 19:49:21] [debug] ( prunsrv.c:1235) [ 6060] Java started HeartBeatClient
[2019-05-29 19:49:21] [info]  ( prunsrv.c:1333) [ 6060] Service started in 1328 ms.
[2019-05-29 19:49:21] [debug] ( prunsrv.c:885 ) [ 6060] reportServiceStatusE: dwCurrentState = 4, dwWin32ExitCode = 0, dwWaitHint = 0, dwServiceSpecificExitCode = 0
[2019-05-29 19:49:21] [debug] ( prunsrv.c:1572) [ 6060] Waiting for worker to finish...
[2019-05-29 19:52:21] [debug] ( prunsrv.c:885 ) [ 4620] reportServiceStatusE: dwCurrentState = 3, dwWin32ExitCode = 0, dwWaitHint = 3000, dwServiceSpecificExitCode = 0
[2019-05-29 19:52:21] [info]  ( prunsrv.c:984 ) [ 6228] Stopping service...
[2019-05-29 19:52:21] [debug] ( prunsrv.c:885 ) [ 6228] reportServiceStatusE: dwCurrentState = 3, dwWin32ExitCode = 0, dwWaitHint = 0, dwServiceSpecificExitCode = 0
[2019-05-29 19:52:21] [debug] ( prunsrv.c:1158) [ 6228] Sending WM_CLOSE to worker
[2019-05-29 19:52:21] [debug] ( prunsrv.c:1577) [ 6060] Worker finished.
[2019-05-29 19:52:21] [debug] ( prunsrv.c:1603) [ 6060] Waiting for all threads to exit
[2019-05-29 19:52:21] [info]  ( prunsrv.c:1162) [ 6228] Service stop thread completed.
